#
# A fatal error has been detected by the Java Runtime Environment:
#
#  EXCEPTION_ACCESS_VIOLATION (0xc0000005) at pc=0x0000000076a8f337, pid=3916, tid=0x0000000000000bbc
#
# JRE version: OpenJDK Runtime Environment (8.0_202-b03) (build 1.8.0_202-release-1483-b03)
# Java VM: OpenJDK 64-Bit Server VM (25.202-b03 mixed mode windows-amd64 compressed oops)
# Problematic frame:
# V  [jvm.dll+0x46f337]
#
# Failed to write core dump. Minidumps are not enabled by default on client versions of Windows
#
# If you would like to submit a bug report, please visit:
#   http://bugreport.java.com/bugreport/crash.jsp
#

---------------  T H R E A D  ---------------

Current thread (0x000000001708d800):  JavaThread "C2 CompilerThread1" daemon [_thread_in_native, id=3004, stack(0x0000000019840000,0x0000000019940000)]

siginfo: ExceptionCode=0xc0000005, reading address 0x0000000000000088

Registers:
RAX=0x0000000018eee800, RBX=0x000000000000000c, RCX=0x0000000000000007, RDX=0x000000000000000c
RSP=0x000000001993c450, RBP=0x0000000000043de0, RSI=0x000000002dcf4910, RDI=0x000000000000000c
R8 =0x0000000000000000, R9 =0x0000000076dea650, R10=0x000000001993c620, R11=0x000000001993c4e0
R12=0x0000000027e96f70, R13=0x000000001993c910, R14=0x0000000076620000, R15=0x0000000076dea650
RIP=0x0000000076a8f337, EFLAGS=0x0000000000010246

Top of Stack: (sp=0x000000001993c450)
0x000000001993c450:   000000001993ecc0 000000002dcef730
0x000000001993c460:   0000000028084f60 00000000766c931a
0x000000001993c470:   000000002dcf4910 0000000076a8aefa
0x000000001993c480:   000000000000000c 00000000000009b2
0x000000001993c490:   0000000000043de0 00000000000009b2
0x000000001993c4a0:   000000100000be00 0000000000000001
0x000000001993c4b0:   000000001e4f85c0 0000000000000001
0x000000001993c4c0:   000000002fa26ce0 000000000000000f
0x000000001993c4d0:   000000002fa26cd0 0000000076a8f330
0x000000001993c4e0:   000000001993c910 00000000000009b2
0x000000001993c4f0:   0000000076dea650 0000000000000010
0x000000001993c500:   0000000025464aa8 0000000076a8b403
0x000000001993c510:   0000000000000000 0000000000000010
0x000000001993c520:   000000002fa26cd0 000000003039bfd8
0x000000001993c530:   0000000000000001 0000000000001bf8
0x000000001993c540:   000000002fa26cd0 000000001fc82040 

Instructions: (pc=0x0000000076a8f337)
0x0000000076a8f317:   74 24 10 57 48 83 ec 20 48 8b f1 8b 0d 10 35 30
0x0000000076a8f327:   00 8b fa ff 15 68 b0 13 00 4c 8b 80 b8 03 00 00
0x0000000076a8f337:   49 8b 98 88 00 00 00 4c 8b 83 f0 07 00 00 4d 85
0x0000000076a8f347:   c0 75 0c e8 e1 fe ff ff 4c 8b 83 f0 07 00 00 49 


Register to memory mapping:

RAX=0x0000000018eee800 is an unknown value
RBX=0x000000000000000c is an unknown value
RCX=0x0000000000000007 is an unknown value
RDX=0x000000000000000c is an unknown value
RSP=0x000000001993c450 is pointing into the stack for thread: 0x000000001708d800
RBP=0x0000000000043de0 is an unknown value
RSI=0x000000002dcf4910 is an unknown value
RDI=0x000000000000000c is an unknown value
R8 =0x0000000000000000 is an unknown value
R9 =0x0000000076dea650 is an unknown value
R10=0x000000001993c620 is pointing into the stack for thread: 0x000000001708d800
R11=0x000000001993c4e0 is pointing into the stack for thread: 0x000000001708d800
R12=0x0000000027e96f70 is an unknown value
R13=0x000000001993c910 is pointing into the stack for thread: 0x000000001708d800
R14=0x0000000076620000 is an unknown value
R15=0x0000000076dea650 is an unknown value


Stack: [0x0000000019840000,0x0000000019940000],  sp=0x000000001993c450,  free space=1009k
Native frames: (J=compiled Java code, j=interpreted, Vv=VM code, C=native code)
V  [jvm.dll+0x46f337]
V  [jvm.dll+0x46aefa]
V  [jvm.dll+0x46b403]
V  [jvm.dll+0x436b4a]
V  [jvm.dll+0x4419bb]
V  [jvm.dll+0x4442b8]
V  [jvm.dll+0x4273d2]
V  [jvm.dll+0x8215f]
V  [jvm.dll+0x82abf]
V  [jvm.dll+0x21db7f]
V  [jvm.dll+0x26f5ba]
C  [msvcr100.dll+0x21d9f]
C  [msvcr100.dll+0x21e3b]
C  [KERNEL32.DLL+0x17974]
C  [ntdll.dll+0x6a271]


Current CompileTask:
C2:47427719 68753       4       org.antlr.v4.runtime.atn.LexerATNSimulator::closure (298 bytes)


---------------  P R O C E S S  ---------------

Java Threads: ( => current thread )
  0x0000000025693000 JavaThread "Cache worker for Java compile cache (C:\Users\mamihai\Documents\Repo\Licenta\StudentAssistant\.gradle\5.4.1\javaCompile)" [_thread_blocked, id=13208, stack(0x000000007bc70000,0x000000007bd70000)]
  0x0000000025692000 JavaThread "WorkerExecutor Queue Thread 2" [_thread_blocked, id=14208, stack(0x000000007bb70000,0x000000007bc70000)]
  0x0000000025697800 JavaThread "stdout" [_thread_in_native, id=9616, stack(0x000000007ba70000,0x000000007bb70000)]
  0x0000000028b95000 JavaThread "stderr" [_thread_in_native, id=18348, stack(0x000000007b970000,0x000000007ba70000)]
  0x0000000028b96800 JavaThread "pool-64-thread-1" [_thread_blocked, id=2520, stack(0x000000007b870000,0x000000007b970000)]
  0x0000000028b94800 JavaThread "WorkerExecutor Queue" [_thread_blocked, id=10908, stack(0x000000007b770000,0x000000007b870000)]
  0x0000000028b93800 JavaThread "Cache worker for execution history cache (C:\Users\mamihai\Documents\Repo\Licenta\StudentAssistant\.gradle\5.4.1\executionHistory)" [_thread_blocked, id=17632, stack(0x000000007b670000,0x000000007b770000)]
  0x0000000028b91000 JavaThread "Execution worker for ':' Thread 7" [_thread_blocked, id=14552, stack(0x000000007b570000,0x000000007b670000)]
  0x0000000028b98000 JavaThread "Execution worker for ':' Thread 6" [_thread_blocked, id=10348, stack(0x000000007b470000,0x000000007b570000)]
  0x0000000028b92800 JavaThread "Execution worker for ':' Thread 5" [_thread_blocked, id=10308, stack(0x000000007b370000,0x000000007b470000)]
  0x0000000028b97800 JavaThread "Execution worker for ':' Thread 4" [_thread_blocked, id=1152, stack(0x000000007b270000,0x000000007b370000)]
  0x0000000028b8a800 JavaThread "Execution worker for ':' Thread 3" [_thread_blocked, id=17312, stack(0x000000007b170000,0x000000007b270000)]
  0x0000000028b89800 JavaThread "Execution worker for ':' Thread 2" [_thread_blocked, id=10700, stack(0x000000007b070000,0x000000007b170000)]
  0x0000000028b90800 JavaThread "Execution worker for ':'" [_thread_blocked, id=7032, stack(0x000000007af70000,0x000000007b070000)]
  0x0000000028b89000 JavaThread "Cache worker for file content cache (C:\Users\mamihai\Documents\Repo\Licenta\StudentAssistant\.gradle\5.4.1\fileContent)" [_thread_blocked, id=10044, stack(0x000000007ae70000,0x000000007af70000)]
  0x0000000028b8f000 JavaThread "Cache worker for Build Output Cleanup Cache (C:\Users\mamihai\Documents\Repo\Licenta\StudentAssistant\.gradle\buildOutputCleanup)" [_thread_blocked, id=9056, stack(0x000000007ad70000,0x000000007ae70000)]
  0x0000000028b8f800 JavaThread "Build operations Thread 8" [_thread_blocked, id=17384, stack(0x000000007ac70000,0x000000007ad70000)]
  0x0000000028b8e000 JavaThread "Build operations Thread 7" [_thread_blocked, id=16168, stack(0x000000007ab70000,0x000000007ac70000)]
  0x0000000028b8d800 JavaThread "Build operations Thread 6" [_thread_blocked, id=2584, stack(0x000000007aa70000,0x000000007ab70000)]
  0x0000000028b8b000 JavaThread "Build operations Thread 5" [_thread_blocked, id=17056, stack(0x000000007a970000,0x000000007aa70000)]
  0x0000000028b8c800 JavaThread "Build operations Thread 4" [_thread_blocked, id=4940, stack(0x000000007a870000,0x000000007a970000)]
  0x00000000230e7000 JavaThread "Build operations Thread 3" [_thread_blocked, id=6308, stack(0x000000007a770000,0x000000007a870000)]
  0x00000000230ee000 JavaThread "Build operations Thread 2" [_thread_blocked, id=17496, stack(0x000000007a670000,0x000000007a770000)]
  0x00000000230ed800 JavaThread "Build operations" [_thread_blocked, id=11920, stack(0x000000007a570000,0x000000007a670000)]
  0x00000000230e6800 JavaThread "Cache worker for cache directory md-rule (C:\Users\mamihai\.gradle\caches\5.4.1\md-rule)" [_thread_blocked, id=11100, stack(0x000000007a470000,0x000000007a570000)]
  0x00000000230e5800 JavaThread "Cache worker for cache directory md-supplier (C:\Users\mamihai\.gradle\caches\5.4.1\md-supplier)" [_thread_blocked, id=16148, stack(0x000000007a370000,0x000000007a470000)]
  0x00000000230ec800 JavaThread "Cache worker for file hash cache (C:\Users\mamihai\Documents\Repo\Licenta\StudentAssistant\.gradle\5.4.1\fileHashes)" [_thread_blocked, id=15764, stack(0x000000007a270000,0x000000007a370000)]
  0x00000000230ec000 JavaThread "Thread-956" [_thread_blocked, id=6956, stack(0x000000007a170000,0x000000007a270000)]
  0x00000000230e4000 JavaThread "Stdin handler" [_thread_blocked, id=7080, stack(0x000000007a070000,0x000000007a170000)]
  0x00000000230eb000 JavaThread "Asynchronous log dispatcher for DefaultDaemonConnection: socket connection from /127.0.0.1:56708 to /127.0.0.1:60647" [_thread_blocked, id=16108, stack(0x0000000079f70000,0x000000007a070000)]
  0x00000000230e3800 JavaThread "Cancel handler" [_thread_blocked, id=15804, stack(0x0000000079e70000,0x0000000079f70000)]
  0x00000000230e2800 JavaThread "Handler for socket connection from /127.0.0.1:56708 to /127.0.0.1:60647" [_thread_in_native, id=9844, stack(0x0000000079d70000,0x0000000079e70000)]
  0x0000000025696000 JavaThread "Daemon worker Thread 19" [_thread_in_Java, id=9032, stack(0x00000000734d0000,0x00000000735d0000)]
  0x0000000025695000 JavaThread "Daemon Thread 19" [_thread_blocked, id=9832, stack(0x00000000731d0000,0x00000000732d0000)]
  0x0000000020af3000 JavaThread "Cache worker for Java compile cache (C:\Users\mamihai\.gradle\caches\5.4.1\javaCompile)" [_thread_blocked, id=10972, stack(0x000000002b9d0000,0x000000002bad0000)]
  0x000000001f04f800 JavaThread "Cache worker for file content cache (C:\Users\mamihai\.gradle\caches\5.4.1\fileContent)" [_thread_blocked, id=16508, stack(0x00000000292d0000,0x00000000293d0000)]
  0x000000001f05a000 JavaThread "Memory manager" [_thread_blocked, id=12656, stack(0x0000000024ee0000,0x0000000024fe0000)]
  0x000000001f051000 JavaThread "Cache worker for execution history cache (C:\Users\mamihai\.gradle\caches\5.4.1\executionHistory)" [_thread_blocked, id=15752, stack(0x0000000022040000,0x0000000022140000)]
  0x000000001a49d800 JavaThread "Cache worker for journal cache (C:\Users\mamihai\.gradle\caches\journal-1)" [_thread_blocked, id=16196, stack(0x000000001ca90000,0x000000001cb90000)]
  0x000000001a49c800 JavaThread "File lock request listener" [_thread_in_native, id=6256, stack(0x000000001c990000,0x000000001ca90000)]
  0x000000001a49b800 JavaThread "Cache worker for file hash cache (C:\Users\mamihai\.gradle\caches\5.4.1\fileHashes)" [_thread_blocked, id=6460, stack(0x000000001c890000,0x000000001c990000)]
  0x000000001a0fb000 JavaThread "Daemon periodic checks" [_thread_blocked, id=8300, stack(0x000000001bd90000,0x000000001be90000)]
  0x000000001a1e3800 JavaThread "Incoming local TCP Connector on port 56708" [_thread_in_native, id=17852, stack(0x000000001bb50000,0x000000001bc50000)]
  0x000000001ad7b800 JavaThread "Daemon health stats" [_thread_blocked, id=4232, stack(0x000000001b510000,0x000000001b610000)]
  0x0000000018eee000 JavaThread "Service Thread" daemon [_thread_blocked, id=4352, stack(0x0000000019b40000,0x0000000019c40000)]
  0x0000000018ec5000 JavaThread "C1 CompilerThread3" daemon [_thread_in_vm, id=8932, stack(0x0000000019a40000,0x0000000019b40000)]
  0x0000000018ebf000 JavaThread "C2 CompilerThread2" daemon [_thread_blocked, id=14316, stack(0x0000000019940000,0x0000000019a40000)]
=>0x000000001708d800 JavaThread "C2 CompilerThread1" daemon [_thread_in_native, id=3004, stack(0x0000000019840000,0x0000000019940000)]
  0x0000000018e6b000 JavaThread "C2 CompilerThread0" daemon [_thread_blocked, id=13860, stack(0x0000000019740000,0x0000000019840000)]
  0x0000000018e76800 JavaThread "Attach Listener" daemon [_thread_blocked, id=9324, stack(0x0000000019640000,0x0000000019740000)]
  0x0000000018e75800 JavaThread "Signal Dispatcher" daemon [_thread_blocked, id=9680, stack(0x0000000019540000,0x0000000019640000)]
  0x0000000018e60800 JavaThread "Finalizer" daemon [_thread_blocked, id=3440, stack(0x0000000019340000,0x0000000019440000)]
  0x00000000032b8000 JavaThread "Reference Handler" daemon [_thread_blocked, id=2580, stack(0x0000000019240000,0x0000000019340000)]
  0x0000000002f0e800 JavaThread "main" [_thread_blocked, id=10472, stack(0x00000000030c0000,0x00000000031c0000)]

Other Threads:
  0x0000000017076800 VMThread [stack: 0x0000000018d40000,0x0000000018e40000] [id=1628]
  0x0000000018eee800 WatcherThread [stack: 0x0000000019c40000,0x0000000019d40000] [id=652]

VM state:not at safepoint (normal execution)

VM Mutex/Monitor currently owned by a thread:  ([mutex/lock_event])
[0x00000000031c0f50] CompiledIC_lock - owner thread: 0x0000000018ec5000

heap address: 0x00000000a0000000, size: 1536 MB, Compressed Oops mode: 32-bit
Narrow klass base: 0x0000000000000000, Narrow klass shift: 3
Compressed class space size: 1073741824 Address: 0x0000000100000000

Heap:
 PSYoungGen      total 422400K, used 231675K [0x00000000e0000000, 0x0000000100000000, 0x0000000100000000)
  eden space 326144K, 53% used [0x00000000e0000000,0x00000000ea94c868,0x00000000f3e80000)
  from space 96256K, 60% used [0x00000000f3e80000,0x00000000f77723f0,0x00000000f9c80000)
  to   space 98816K, 0% used [0x00000000f9f80000,0x00000000f9f80000,0x0000000100000000)
 ParOldGen       total 651776K, used 143705K [0x00000000a0000000, 0x00000000c7c80000, 0x00000000e0000000)
  object space 651776K, 22% used [0x00000000a0000000,0x00000000a8c56440,0x00000000c7c80000)
 Metaspace       used 153690K, capacity 162232K, committed 179160K, reserved 1206272K
  class space    used 18129K, capacity 19646K, committed 22272K, reserved 1048576K

Card table byte_map: [0x0000000012680000,0x0000000012990000] byte_map_base: 0x0000000012180000

Marking Bits: (ParMarkBitMap*) 0x0000000076de9f30
 Begin Bits: [0x0000000013390000, 0x0000000014b90000)
 End Bits:   [0x0000000014b90000, 0x0000000016390000)

Polling page: 0x0000000001630000

CodeCache: size=245760Kb used=137643Kb max_used=151010Kb free=108116Kb
 bounds [0x00000000032c0000, 0x000000000c760000, 0x00000000122c0000]
 total_blobs=33785 nmethods=32892 adapters=801
 compilation: enabled

Compilation events (10 events):
Event: 47427.616 Thread 0x0000000018ec5000 nmethod 68899 0x0000000007a3ce10 code [0x0000000007a3cfc0, 0x0000000007a3d578]
Event: 47427.623 Thread 0x0000000018ec5000 68900       3       android.databinding.tool.writer.KCode::access$getIndentCache$cp (4 bytes)
Event: 47427.623 Thread 0x0000000018ec5000 nmethod 68900 0x0000000003797910 code [0x0000000003797a60, 0x0000000003797b90]
Event: 47427.627 Thread 0x0000000018ec5000 68901       3       android.databinding.tool.writer.KCode::access$getCachedIndentations$cp (4 bytes)
Event: 47427.627 Thread 0x0000000018ec5000 nmethod 68901 0x00000000033faed0 code [0x00000000033fb020, 0x00000000033fb150]
Event: 47427.632 Thread 0x0000000018ec5000 68902       3       android.databinding.tool.writer.KCode$Companion::indent (163 bytes)
Event: 47427.636 Thread 0x0000000018ec5000 nmethod 68902 0x0000000007b30850 code [0x0000000007b30c00, 0x0000000007b32b38]
Event: 47427.642 Thread 0x0000000018ec5000 68903       3       android.databinding.tool.writer.KCode::nl$default (18 bytes)
Event: 47427.643 Thread 0x0000000018ec5000 nmethod 68903 0x000000000372c350 code [0x000000000372c500, 0x000000000372cbb8]
Event: 47427.647 Thread 0x0000000018ec5000 68904       3       android.databinding.tool.writer.ExprModelExt::getUniqueName (177 bytes)

GC Heap History (10 events):
Event: 6538.296 GC heap before
{Heap before GC invocations=219 (full 15):
 PSYoungGen      total 405504K, used 328079K [0x00000000e0000000, 0x00000000ffb80000, 0x0000000100000000)
  eden space 297472K, 100% used [0x00000000e0000000,0x00000000f2280000,0x00000000f2280000)
  from space 108032K, 28% used [0x00000000f2280000,0x00000000f4063fd8,0x00000000f8c00000)
  to   space 102912K, 0% used [0x00000000f9700000,0x00000000f9700000,0x00000000ffb80000)
 ParOldGen       total 718336K, used 642082K [0x00000000a0000000, 0x00000000cbd80000, 0x00000000e0000000)
  object space 718336K, 89% used [0x00000000a0000000,0x00000000c7308950,0x00000000cbd80000)
 Metaspace       used 170361K, capacity 179218K, committed 183256K, reserved 1210368K
  class space    used 19799K, capacity 21395K, committed 22272K, reserved 1048576K
Event: 6538.312 GC heap after
Heap after GC invocations=219 (full 15):
 PSYoungGen      total 411648K, used 13808K [0x00000000e0000000, 0x00000000ff700000, 0x0000000100000000)
  eden space 313344K, 0% used [0x00000000e0000000,0x00000000e0000000,0x00000000f3200000)
  from space 98304K, 14% used [0x00000000f9700000,0x00000000fa47c158,0x00000000ff700000)
  to   space 100864K, 0% used [0x00000000f3200000,0x00000000f3200000,0x00000000f9480000)
 ParOldGen       total 718336K, used 643918K [0x00000000a0000000, 0x00000000cbd80000, 0x00000000e0000000)
  object space 718336K, 89% used [0x00000000a0000000,0x00000000c74d3908,0x00000000cbd80000)
 Metaspace       used 170361K, capacity 179218K, committed 183256K, reserved 1210368K
  class space    used 19799K, capacity 21395K, committed 22272K, reserved 1048576K
}
Event: 6538.312 GC heap before
{Heap before GC invocations=220 (full 16):
 PSYoungGen      total 411648K, used 13808K [0x00000000e0000000, 0x00000000ff700000, 0x0000000100000000)
  eden space 313344K, 0% used [0x00000000e0000000,0x00000000e0000000,0x00000000f3200000)
  from space 98304K, 14% used [0x00000000f9700000,0x00000000fa47c158,0x00000000ff700000)
  to   space 100864K, 0% used [0x00000000f3200000,0x00000000f3200000,0x00000000f9480000)
 ParOldGen       total 718336K, used 643918K [0x00000000a0000000, 0x00000000cbd80000, 0x00000000e0000000)
  object space 718336K, 89% used [0x00000000a0000000,0x00000000c74d3908,0x00000000cbd80000)
 Metaspace       used 170361K, capacity 179218K, committed 183256K, reserved 1210368K
  class space    used 19799K, capacity 21395K, committed 22272K, reserved 1048576K
Event: 6538.629 GC heap after
Heap after GC invocations=220 (full 16):
 PSYoungGen      total 411648K, used 0K [0x00000000e0000000, 0x00000000ff700000, 0x0000000100000000)
  eden space 313344K, 0% used [0x00000000e0000000,0x00000000e0000000,0x00000000f3200000)
  from space 98304K, 0% used [0x00000000f9700000,0x00000000f9700000,0x00000000ff700000)
  to   space 100864K, 0% used [0x00000000f3200000,0x00000000f3200000,0x00000000f9480000)
 ParOldGen       total 651776K, used 98698K [0x00000000a0000000, 0x00000000c7c80000, 0x00000000e0000000)
  object space 651776K, 15% used [0x00000000a0000000,0x00000000a6062858,0x00000000c7c80000)
 Metaspace       used 146303K, capacity 154610K, committed 179160K, reserved 1206272K
  class space    used 17348K, capacity 18819K, committed 22272K, reserved 1048576K
}
Event: 6543.348 GC heap before
{Heap before GC invocations=221 (full 16):
 PSYoungGen      total 411648K, used 313344K [0x00000000e0000000, 0x00000000ff700000, 0x0000000100000000)
  eden space 313344K, 100% used [0x00000000e0000000,0x00000000f3200000,0x00000000f3200000)
  from space 98304K, 0% used [0x00000000f9700000,0x00000000f9700000,0x00000000ff700000)
  to   space 100864K, 0% used [0x00000000f3200000,0x00000000f3200000,0x00000000f9480000)
 ParOldGen       total 651776K, used 98698K [0x00000000a0000000, 0x00000000c7c80000, 0x00000000e0000000)
  object space 651776K, 15% used [0x00000000a0000000,0x00000000a6062858,0x00000000c7c80000)
 Metaspace       used 146503K, capacity 154896K, committed 179160K, reserved 1206272K
  class space    used 17370K, capacity 18869K, committed 22272K, reserved 1048576K
Event: 6543.373 GC heap after
Heap after GC invocations=221 (full 16):
 PSYoungGen      total 414208K, used 45093K [0x00000000e0000000, 0x00000000ffb80000, 0x0000000100000000)
  eden space 313344K, 0% used [0x00000000e0000000,0x00000000e0000000,0x00000000f3200000)
  from space 100864K, 44% used [0x00000000f3200000,0x00000000f5e097f8,0x00000000f9480000)
  to   space 97280K, 0% used [0x00000000f9c80000,0x00000000f9c80000,0x00000000ffb80000)
 ParOldGen       total 651776K, used 98698K [0x00000000a0000000, 0x00000000c7c80000, 0x00000000e0000000)
  object space 651776K, 15% used [0x00000000a0000000,0x00000000a6062858,0x00000000c7c80000)
 Metaspace       used 146503K, capacity 154896K, committed 179160K, reserved 1206272K
  class space    used 17370K, capacity 18869K, committed 22272K, reserved 1048576K
}
Event: 6546.215 GC heap before
{Heap before GC invocations=222 (full 16):
 PSYoungGen      total 414208K, used 358437K [0x00000000e0000000, 0x00000000ffb80000, 0x0000000100000000)
  eden space 313344K, 100% used [0x00000000e0000000,0x00000000f3200000,0x00000000f3200000)
  from space 100864K, 44% used [0x00000000f3200000,0x00000000f5e097f8,0x00000000f9480000)
  to   space 97280K, 0% used [0x00000000f9c80000,0x00000000f9c80000,0x00000000ffb80000)
 ParOldGen       total 651776K, used 98698K [0x00000000a0000000, 0x00000000c7c80000, 0x00000000e0000000)
  object space 651776K, 15% used [0x00000000a0000000,0x00000000a6062858,0x00000000c7c80000)
 Metaspace       used 147648K, capacity 156066K, committed 179160K, reserved 1206272K
  class space    used 17511K, capacity 19000K, committed 22272K, reserved 1048576K
Event: 6546.267 GC heap after
Heap after GC invocations=222 (full 16):
 PSYoungGen      total 422400K, used 8828K [0x00000000e0000000, 0x00000000ffa80000, 0x0000000100000000)
  eden space 326144K, 0% used [0x00000000e0000000,0x00000000e0000000,0x00000000f3e80000)
  from space 96256K, 9% used [0x00000000f9c80000,0x00000000fa51f0d0,0x00000000ffa80000)
  to   space 96256K, 0% used [0x00000000f3e80000,0x00000000f3e80000,0x00000000f9c80000)
 ParOldGen       total 651776K, used 142833K [0x00000000a0000000, 0x00000000c7c80000, 0x00000000e0000000)
  object space 651776K, 21% used [0x00000000a0000000,0x00000000a8b7c430,0x00000000c7c80000)
 Metaspace       used 147648K, capacity 156066K, committed 179160K, reserved 1206272K
  class space    used 17511K, capacity 19000K, committed 22272K, reserved 1048576K
}
Event: 6548.383 GC heap before
{Heap before GC invocations=223 (full 16):
 PSYoungGen      total 422400K, used 334972K [0x00000000e0000000, 0x00000000ffa80000, 0x0000000100000000)
  eden space 326144K, 100% used [0x00000000e0000000,0x00000000f3e80000,0x00000000f3e80000)
  from space 96256K, 9% used [0x00000000f9c80000,0x00000000fa51f0d0,0x00000000ffa80000)
  to   space 96256K, 0% used [0x00000000f3e80000,0x00000000f3e80000,0x00000000f9c80000)
 ParOldGen       total 651776K, used 142833K [0x00000000a0000000, 0x00000000c7c80000, 0x00000000e0000000)
  object space 651776K, 21% used [0x00000000a0000000,0x00000000a8b7c430,0x00000000c7c80000)
 Metaspace       used 153117K, capacity 161632K, committed 179160K, reserved 1206272K
  class space    used 18067K, capacity 19576K, committed 22272K, reserved 1048576K
Event: 6548.421 GC heap after
Heap after GC invocations=223 (full 16):
 PSYoungGen      total 422400K, used 58312K [0x00000000e0000000, 0x0000000100000000, 0x0000000100000000)
  eden space 326144K, 0% used [0x00000000e0000000,0x00000000e0000000,0x00000000f3e80000)
  from space 96256K, 60% used [0x00000000f3e80000,0x00000000f77723f0,0x00000000f9c80000)
  to   space 98816K, 0% used [0x00000000f9f80000,0x00000000f9f80000,0x0000000100000000)
 ParOldGen       total 651776K, used 143705K [0x00000000a0000000, 0x00000000c7c80000, 0x00000000e0000000)
  object space 651776K, 22% used [0x00000000a0000000,0x00000000a8c56440,0x00000000c7c80000)
 Metaspace       used 153117K, capacity 161632K, committed 179160K, reserved 1206272K
  class space    used 18067K, capacity 19576K, committed 22272K, reserved 1048576K
}

Deoptimization events (10 events):
Event: 6547.611 Thread 0x0000000025696000 Uncommon trap: reason=class_check action=maybe_recompile pc=0x00000000091344d0 method=android.databinding.tool.reflection.ModelClass.getMethods(Ljava/lang/String;I)Ljava/util/List; @ 8
Event: 6548.344 Thread 0x0000000025696000 Uncommon trap: reason=array_check action=maybe_recompile pc=0x000000000b490fec method=org.antlr.v4.runtime.misc.Array2DHashSet.getOrAddImpl(Ljava/lang/Object;)Ljava/lang/Object; @ 36
Event: 6548.344 Thread 0x0000000025696000 Uncommon trap: reason=array_check action=maybe_recompile pc=0x000000000b490fec method=org.antlr.v4.runtime.misc.Array2DHashSet.getOrAddImpl(Ljava/lang/Object;)Ljava/lang/Object; @ 36
Event: 6548.498 Thread 0x0000000025696000 Uncommon trap: reason=array_check action=maybe_recompile pc=0x000000000b490fec method=org.antlr.v4.runtime.misc.Array2DHashSet.getOrAddImpl(Ljava/lang/Object;)Ljava/lang/Object; @ 36
Event: 6548.498 Thread 0x0000000025696000 Uncommon trap: reason=array_check action=maybe_recompile pc=0x000000000b490fec method=org.antlr.v4.runtime.misc.Array2DHashSet.getOrAddImpl(Ljava/lang/Object;)Ljava/lang/Object; @ 36
Event: 6548.723 Thread 0x0000000025696000 Uncommon trap: reason=class_check action=maybe_recompile pc=0x000000000968faf4 method=android.databinding.tool.reflection.ClassFinderCache.find(Ljava/lang/String;Landroid/databinding/tool/reflection/ImportBag;)Landroid/databinding/tool/reflection/ModelCla
Event: 6548.751 Thread 0x0000000025696000 Uncommon trap: reason=class_check action=maybe_recompile pc=0x000000000968faf4 method=android.databinding.tool.reflection.ClassFinderCache.find(Ljava/lang/String;Landroid/databinding/tool/reflection/ImportBag;)Landroid/databinding/tool/reflection/ModelCla
Event: 6548.777 Thread 0x0000000025696000 Uncommon trap: reason=class_check action=maybe_recompile pc=0x000000000968faf4 method=android.databinding.tool.reflection.ClassFinderCache.find(Ljava/lang/String;Landroid/databinding/tool/reflection/ImportBag;)Landroid/databinding/tool/reflection/ModelCla
Event: 6548.804 Thread 0x0000000025696000 Uncommon trap: reason=class_check action=maybe_recompile pc=0x000000000968faf4 method=android.databinding.tool.reflection.ClassFinderCache.find(Ljava/lang/String;Landroid/databinding/tool/reflection/ImportBag;)Landroid/databinding/tool/reflection/ModelCla
Event: 6548.923 Thread 0x0000000025696000 Uncommon trap: reason=unstable_if action=reinterpret pc=0x0000000005e00008 method=kotlin.jvm.internal.Intrinsics.areEqual(Ljava/lang/Object;Ljava/lang/Object;)Z @ 5

Classes redefined (0 events):
No events

Internal exceptions (10 events):
Event: 6546.012 Thread 0x0000000025696000 Exception <a 'java/lang/NullPointerException'> (0x00000000f16ebea0) thrown at [D:\src\AOSP-openjdk-cygwin\jdk8u\hotspot\src\share\vm\runtime\sharedRuntime.cpp, line 605]
Event: 6546.015 Thread 0x0000000025696000 NullPointerException at vtable entry 0x00000000036a46f7
Event: 6546.015 Thread 0x0000000025696000 Exception <a 'java/lang/NullPointerException'> (0x00000000f1767878) thrown at [D:\src\AOSP-openjdk-cygwin\jdk8u\hotspot\src\share\vm\runtime\sharedRuntime.cpp, line 605]
Event: 6546.017 Thread 0x0000000025696000 NullPointerException at vtable entry 0x00000000036a46f7
Event: 6546.018 Thread 0x0000000025696000 Exception <a 'java/lang/NullPointerException'> (0x00000000f17e35d8) thrown at [D:\src\AOSP-openjdk-cygwin\jdk8u\hotspot\src\share\vm\runtime\sharedRuntime.cpp, line 605]
Event: 6546.020 Thread 0x0000000025696000 NullPointerException at vtable entry 0x00000000036a46f7
Event: 6546.020 Thread 0x0000000025696000 Exception <a 'java/lang/NullPointerException'> (0x00000000f1879520) thrown at [D:\src\AOSP-openjdk-cygwin\jdk8u\hotspot\src\share\vm\runtime\sharedRuntime.cpp, line 605]
Event: 6546.022 Thread 0x0000000025696000 NullPointerException at vtable entry 0x00000000036a46f7
Event: 6546.022 Thread 0x0000000025696000 Exception <a 'java/lang/NullPointerException'> (0x00000000f1909978) thrown at [D:\src\AOSP-openjdk-cygwin\jdk8u\hotspot\src\share\vm\runtime\sharedRuntime.cpp, line 605]
Event: 6547.007 Thread 0x0000000025696000 Exception <a 'java/lang/ClassNotFoundException': com/sun/org/glassfish/hk2/osgiresourcelocator/ServiceLoader> (0x00000000e74f2310) thrown at [D:\src\AOSP-openjdk-cygwin\jdk8u\hotspot\src\share\vm\classfile\systemDictionary.cpp, line 210]

Events (10 events):
Event: 47427.644 Thread 0x0000000018ec5000 flushing nmethod 0x0000000004862450
Event: 47427.644 Thread 0x0000000018ec5000 flushing nmethod 0x0000000004862650
Event: 47427.644 Thread 0x0000000018ec5000 flushing nmethod 0x0000000004869790
Event: 47427.644 Thread 0x0000000018ec5000 flushing nmethod 0x00000000048778d0
Event: 47427.644 Thread 0x0000000018ec5000 flushing nmethod 0x0000000004877c50
Event: 47427.644 Thread 0x0000000018ec5000 flushing nmethod 0x0000000004880b10
Event: 47427.644 Thread 0x0000000018ec5000 flushing nmethod 0x000000000489ce10
Event: 47427.644 Thread 0x0000000018ec5000 flushing nmethod 0x00000000048d2050
Event: 47427.645 Thread 0x0000000018ec5000 flushing nmethod 0x00000000049f2f50
Event: 47427.645 Thread 0x0000000018ec5000 flushing nmethod 0x0000000004a192d0


Dynamic libraries:
0x00007ff7e8690000 - 0x00007ff7e86c1000 	C:\Program Files\Android\Android Studio\jre\bin\java.exe
0x00007ffb6a510000 - 0x00007ffb6a6fd000 	C:\WINDOWS\SYSTEM32\ntdll.dll
0x00007ffb697d0000 - 0x00007ffb69883000 	C:\WINDOWS\System32\KERNEL32.DLL
0x00007ffb665d0000 - 0x00007ffb66863000 	C:\WINDOWS\System32\KERNELBASE.dll
0x00007ffb69e70000 - 0x00007ffb69f13000 	C:\WINDOWS\System32\ADVAPI32.dll
0x00007ffb681a0000 - 0x00007ffb6823e000 	C:\WINDOWS\System32\msvcrt.dll
0x00007ffb67f60000 - 0x00007ffb67ffe000 	C:\WINDOWS\System32\sechost.dll
0x00007ffb6a0c0000 - 0x00007ffb6a1e2000 	C:\WINDOWS\System32\RPCRT4.dll
0x00007ffb67dc0000 - 0x00007ffb67f57000 	C:\WINDOWS\System32\USER32.dll
0x00007ffb66ad0000 - 0x00007ffb66af0000 	C:\WINDOWS\System32\win32u.dll
0x00007ffb68170000 - 0x00007ffb68199000 	C:\WINDOWS\System32\GDI32.dll
0x00007ffb67330000 - 0x00007ffb674c9000 	C:\WINDOWS\System32\gdi32full.dll
0x00007ffb67260000 - 0x00007ffb67300000 	C:\WINDOWS\System32\msvcp_win.dll
0x00007ffb66920000 - 0x00007ffb66a1a000 	C:\WINDOWS\System32\ucrtbase.dll
0x00007ffb55360000 - 0x00007ffb555d9000 	C:\WINDOWS\WinSxS\amd64_microsoft.windows.common-controls_6595b64144ccf1df_6.0.17763.914_none_05b346b2072102f2\COMCTL32.dll
0x00007ffb67a30000 - 0x00007ffb67d5c000 	C:\WINDOWS\System32\combase.dll
0x00007ffb676b0000 - 0x00007ffb6772e000 	C:\WINDOWS\System32\bcryptPrimitives.dll
0x00007ffb6a090000 - 0x00007ffb6a0be000 	C:\WINDOWS\System32\IMM32.DLL
0x00000000501f0000 - 0x00000000502c2000 	C:\Program Files\Android\Android Studio\jre\jre\bin\msvcr100.dll
0x0000000076620000 - 0x0000000076e66000 	C:\Program Files\Android\Android Studio\jre\jre\bin\server\jvm.dll
0x00007ffb6a4d0000 - 0x00007ffb6a4d8000 	C:\WINDOWS\System32\PSAPI.DLL
0x00007ffb55d80000 - 0x00007ffb55d89000 	C:\WINDOWS\SYSTEM32\WSOCK32.dll
0x00007ffb6a460000 - 0x00007ffb6a4cd000 	C:\WINDOWS\System32\WS2_32.dll
0x00007ffb5ec90000 - 0x00007ffb5ec9a000 	C:\WINDOWS\SYSTEM32\VERSION.dll
0x00007ffb64020000 - 0x00007ffb64044000 	C:\WINDOWS\SYSTEM32\WINMM.dll
0x00007ffb63ff0000 - 0x00007ffb6401d000 	C:\WINDOWS\SYSTEM32\WINMMBASE.dll
0x00007ffb668d0000 - 0x00007ffb6691a000 	C:\WINDOWS\System32\cfgmgr32.dll
0x00007ffb53be0000 - 0x00007ffb53bef000 	C:\Program Files\Android\Android Studio\jre\jre\bin\verify.dll
0x00007ffb2bda0000 - 0x00007ffb2bdc9000 	C:\Program Files\Android\Android Studio\jre\jre\bin\java.dll
0x00007ffb53bc0000 - 0x00007ffb53bd6000 	C:\Program Files\Android\Android Studio\jre\jre\bin\zip.dll
0x00007ffb68240000 - 0x00007ffb69734000 	C:\WINDOWS\System32\SHELL32.dll
0x00007ffb68000000 - 0x00007ffb680a8000 	C:\WINDOWS\System32\shcore.dll
0x00007ffb66b10000 - 0x00007ffb6725d000 	C:\WINDOWS\System32\windows.storage.dll
0x00007ffb66540000 - 0x00007ffb66564000 	C:\WINDOWS\System32\profapi.dll
0x00007ffb66570000 - 0x00007ffb665cd000 	C:\WINDOWS\System32\powrprof.dll
0x00007ffb67730000 - 0x00007ffb67782000 	C:\WINDOWS\System32\shlwapi.dll
0x00007ffb66500000 - 0x00007ffb66511000 	C:\WINDOWS\System32\kernel.appcore.dll
0x00007ffb66af0000 - 0x00007ffb66b07000 	C:\WINDOWS\System32\cryptsp.dll
0x00007ffb2da20000 - 0x00007ffb2da3a000 	C:\Program Files\Android\Android Studio\jre\jre\bin\net.dll
0x00007ffb65cc0000 - 0x00007ffb65d27000 	C:\WINDOWS\system32\mswsock.dll
0x00007ffb2d630000 - 0x00007ffb2d641000 	C:\Program Files\Android\Android Studio\jre\jre\bin\nio.dll
0x00007ffb09880000 - 0x00007ffb098a6000 	C:\Users\mamihai\.gradle\native\29\windows-amd64\native-platform.dll
0x00007ffb51bc0000 - 0x00007ffb51bcd000 	C:\Program Files\Android\Android Studio\jre\jre\bin\management.dll
0x00007ffb65850000 - 0x00007ffb65883000 	C:\WINDOWS\system32\rsaenh.dll
0x00007ffb67300000 - 0x00007ffb67326000 	C:\WINDOWS\System32\bcrypt.dll
0x00007ffb66430000 - 0x00007ffb66458000 	C:\WINDOWS\SYSTEM32\USERENV.dll
0x00007ffb65e40000 - 0x00007ffb65e4c000 	C:\WINDOWS\SYSTEM32\CRYPTBASE.dll
0x00007ffb659f0000 - 0x00007ffb65a2d000 	C:\WINDOWS\SYSTEM32\IPHLPAPI.DLL
0x00007ffb69740000 - 0x00007ffb69748000 	C:\WINDOWS\System32\NSI.dll
0x00007ffb60390000 - 0x00007ffb603a6000 	C:\WINDOWS\SYSTEM32\dhcpcsvc6.DLL
0x00007ffb602c0000 - 0x00007ffb602dc000 	C:\WINDOWS\SYSTEM32\dhcpcsvc.DLL
0x00007ffb65a30000 - 0x00007ffb65af6000 	C:\WINDOWS\SYSTEM32\DNSAPI.dll
0x00007ffb64e70000 - 0x00007ffb6505d000 	C:\WINDOWS\SYSTEM32\dbghelp.dll

VM Arguments:
jvm_args: -Xmx1536m -Dfile.encoding=windows-1252 -Duser.country=US -Duser.language=en -Duser.variant 
java_command: org.gradle.launcher.daemon.bootstrap.GradleDaemon 5.4.1
java_class_path (initial): C:\Users\mamihai\.gradle\wrapper\dists\gradle-5.4.1-all\3221gyojl5jsh0helicew7rwx\gradle-5.4.1\lib\gradle-launcher-5.4.1.jar
Launcher Type: SUN_STANDARD

Environment Variables:
JAVA_HOME=C:\Program Files\Java\jdk1.8.0_221
PATH=C:\Program Files (x86)\Common Files\Oracle\Java\javapath;C:\ProgramData\Oracle\Java\javapath;C:\WINDOWS\system32;C:\WINDOWS;C:\WINDOWS\System32\Wbem;C:\WINDOWS\System32\WindowsPowerShell\v1.0\;C:\WINDOWS\System32\OpenSSH\;C:\Program Files\OpenVPN\bin;C:\Program Files (x86)\scala\bin;C:\Program Files (x86)\sbt\bin;C:\Program Files\Git\cmd;C:\Program Files\PostgreSQL\11\bin;C:\Program Files\Java\jdk1.8.0_221;C:\Program Files\nodejs\;C:\Program Files\Intel\WiFi\bin\;C:\Program Files\Common Files\Intel\WirelessCommon\;C:\Program Files\Docker\Docker\resources\bin;C:\ProgramData\DockerDesktop\version-bin;C:\Users\mamihai\AppData\Local\Microsoft\WindowsApps;C:\Users\mamihai\AppData\Local\JetBrains\IntelliJ IDEA Community Edition 2019.2.2\bin;;C:\Users\mamihai\AppData\Local\Programs\Microsoft VS Code\bin;C:\Program Files (x86)\maven\bin;C:\Users\mamihai\AppData\Roaming\npm
USERNAME=mamihai
OS=Windows_NT
PROCESSOR_IDENTIFIER=Intel64 Family 6 Model 142 Stepping 10, GenuineIntel



---------------  S Y S T E M  ---------------

OS: Windows 10.0 , 64 bit Build 17763 (10.0.17763.475)

CPU:total 8 (initial active 8) (4 cores per cpu, 2 threads per core) family 6 model 142 stepping 10, cmov, cx8, fxsr, mmx, sse, sse2, sse3, ssse3, sse4.1, sse4.2, popcnt, avx, avx2, aes, clmul, erms, 3dnowpref, lzcnt, ht, tsc, tscinvbit, bmi1, bmi2, adx

Memory: 4k page, physical 16632804k(3344184k free), swap 19637620k(4919736k free)

vm_info: OpenJDK 64-Bit Server VM (25.202-b03) for windows-amd64 JRE (1.8.0_202-release-1483-b03), built by "builder" with MS VC++ 10.0 (VS2010)

time: Tue Feb 04 09:40:45 2020
timezone: GTB Standard Time
elapsed time: 47427 seconds (0d 13h 10m 27s)

